<!DOCTYPE html>
<html>
<head>
  <meta charset="utf-8">
  <meta name="generator" content="pandoc">
  <meta name="viewport" content="width=device-width, initial-scale=1.0, user-scalable=yes">
  <meta name="author" content="Ashwin Nanjappa">
  <title>Code Yarns â€“ OpenCV error on cvSobel not declared</title>
  <style type="text/css">code{white-space: pre;}</style>
  <link rel="stylesheet" href="../styles.css">
  <!-- RSS feed -->
  <link rel="alternate" type="application/rss+xml" href="https://codeyarns.com/tech/rss.xml" />
</head>

<body>

<div class="contentbox">
<!-- BEGIN before body -->

<!-- Website title -->
<div class="header">
    <a href=".." class="header">Code Yarns â€ğŸ‘¨â€ğŸ’»</a>
</div>

<!-- Blog links -->
<div class="header">
    <a class="header2" href="https://codeyarns.com/tech/">Tech Blog</a> â– <a class="header2" href="https://codeyarns.com/personal/">Personal Blog</a>
</div>

<!-- Search box -->
<br />
<link href="/pagefind/pagefind-ui.css" rel="stylesheet">
<script src="/pagefind/pagefind-ui.js"></script>
<div id="search"></div>
<script>
    window.addEventListener('DOMContentLoaded', (event) => {
        new PagefindUI({ element: "#search", showSubResults: true });
    });
</script>

<!-- END before body -->
</div>

<br />

<div class="contentbox">
<header>
<h1 class="title">OpenCV error on cvSobel not declared</h1>
<p class="date">ğŸ“… 2013-Jul-04 â¬© âœï¸ Ashwin Nanjappa â¬© ğŸ·ï¸ <a href='index.html#error'>error</a>, <a href='index.html#opencv'>opencv</a> â¬© ğŸ“š <a href="index.html">Archive</a></p>
</header>
<p><strong>Problem</strong></p>
<p>I tried to compile some code that used <strong>OpenCV</strong> and
got this error:</p>
<pre><code>foo.cpp:634:21: error: â€˜cvPyrDownâ€™ was not declared in this scope
foo.cpp:708:25: error: â€˜cvSobelâ€™ was not declared in this scope
foo.cpp:744:31: error: â€˜CV_INTER_LINEARâ€™ was not declared in this scope
foo.cpp:744:49: error: â€˜CV_WARP_FILL_OUTLIERSâ€™ was not declared in this scope
foo.cpp:745:17: error: â€˜cvRemapâ€™ was not declared in this scope</code></pre>
<p>This code used to compile without errors in older versions of
OpenCV.</p>
<p><strong>Solution</strong></p>
<p>It turns out that in newer versions of OpenCV, these declarations are
in <strong>cv.h</strong> and it needs to be explicitly included:</p>
<pre><code>#include &lt;opencv/cv.h&gt;</code></pre>
<p><strong>Tried with:</strong> OpenCV 2.4.9 and Ubuntu 12.04 LTS</p>
</div>

<br />

<div class="contentbox">

<div style="text-align: center">
Â© 2026 Ashwin Nanjappa
â€¢
All writing under <a href="https://creativecommons.org/licenses/by-sa/4.0/">CC BY-SA</a> license
â€¢
<a href="https://mastodon.social/@codeyarns">ğŸ˜ Mastodon</a>
â€¢
<a href="https://bsky.app/profile/codeyarns.bsky.social">ğŸ¦‹ Bluesky</a>
â€¢
<a href="mailto:codeyarns@gmail.com">ğŸ“§ Email</a>
</div>
</div>

</body>
</html>
